<?xml version="1.0" encoding="UTF-8"?>
<!-- Generated by org.testng.reporters.JUnitReportReporter -->
<testsuite hostname="ECHOUSRWVD-104" failures="0" tests="1" name="admin.Airport" time="156.274" errors="0" timestamp="2022-01-17T14:42:30 IST" skipped="0">
  <testcase classname="admin.Airport" name="airport" time="156.274"/>
  <system-out/>
</testsuite> <!-- admin.Airport -->
