<?xml version="1.0" encoding="UTF-8"?>
<!-- Generated by org.testng.reporters.JUnitReportReporter -->
<testsuite hostname="ECHOUSRWVD-104" failures="0" tests="1" name="admin.GeographyCountry" time="329.551" errors="0" timestamp="2022-01-10T16:45:51 IST" skipped="0">
  <testcase classname="admin.GeographyCountry" name="geographyCountry" time="329.551"/>
  <system-out/>
</testsuite> <!-- admin.GeographyCountry -->
