<?xml version="1.0" encoding="UTF-8"?>
<!-- Generated by org.testng.reporters.JUnitReportReporter -->
<testsuite hostname="ECHOUSRWVD-104" failures="0" tests="1" name="admin.AirportGroup" time="164.130" errors="0" timestamp="2022-01-10T12:55:54 IST" skipped="0">
  <testcase classname="admin.AirportGroup" name="airportGroup" time="164.130"/>
  <system-out/>
</testsuite> <!-- admin.AirportGroup -->
